<?xml version="1.0" encoding="UTF-8"?>
<!-- Generated by org.testng.reporters.JUnitReportReporter -->
<testsuite hostname="EPUALVIW0648" name="pageobject.test.HomePageTest" tests="3" failures="0" timestamp="10 May 2016 15:33:14 GMT" time="26.106" errors="0">
  <testcase name="verifyRequestAQuoteBtn" time="8.607" classname="pageobject.test.HomePageTest"/>
  <testcase name="isHomePageText1DisplayedAndCorrect" time="8.796" classname="pageobject.test.HomePageTest"/>
  <testcase name="isHomeHeroImageDisplayed" time="8.703" classname="pageobject.test.HomePageTest"/>
</testsuite> <!-- pageobject.test.HomePageTest -->
