<?xml version="1.0" encoding="UTF-8"?>
<!-- Generated by org.testng.reporters.JUnitReportReporter -->
<testsuite hostname="EPUALVIW0648" name="pageobject.test.AboutPageTest" tests="1" failures="0" timestamp="10 May 2016 15:33:14 GMT" time="11.724" errors="0">
  <testcase name="verifyServicesLink" time="11.724" classname="pageobject.test.AboutPageTest"/>
</testsuite> <!-- pageobject.test.AboutPageTest -->
