<?xml version="1.0" encoding="UTF-8"?>
<!-- Generated by org.testng.reporters.JUnitReportReporter -->
<testsuite hostname="EPUALVIW0648" name="pageobject.test.WorkPageTest" tests="3" failures="0" timestamp="10 May 2016 15:33:14 GMT" time="38.942" errors="0">
  <testcase name="imageCounterVerification" time="13.717" classname="pageobject.test.WorkPageTest"/>
  <testcase name="imageSignatureVerification" time="12.242" classname="pageobject.test.WorkPageTest"/>
  <testcase name="prevArrowVerification" time="12.983" classname="pageobject.test.WorkPageTest"/>
</testsuite> <!-- pageobject.test.WorkPageTest -->
