<?xml version="1.0" encoding="UTF-8"?>
<!-- Generated by org.testng.reporters.JUnitReportReporter -->
<testsuite hostname="EPUALVIW0648" name="pageobject.test.HeaderTest" tests="7" failures="0" timestamp="10 May 2016 15:33:14 GMT" time="77.756" errors="0">
  <testcase name="verifyBlogTab" time="11.602" classname="pageobject.test.HeaderTest"/>
  <testcase name="verifyWorkTab" time="13.211" classname="pageobject.test.HeaderTest"/>
  <testcase name="verifyLogo" time="12.483" classname="pageobject.test.HeaderTest"/>
  <testcase name="verifyAboutTab" time="9.976" classname="pageobject.test.HeaderTest"/>
  <testcase name="verifyServicesTab" time="11.254" classname="pageobject.test.HeaderTest"/>
  <testcase name="verifyHomeTab" time="8.252" classname="pageobject.test.HeaderTest"/>
  <testcase name="verifyContactTab" time="10.978" classname="pageobject.test.HeaderTest"/>
</testsuite> <!-- pageobject.test.HeaderTest -->
