<?xml version="1.0" encoding="UTF-8"?>
<!-- Generated by org.testng.reporters.JUnitReportReporter -->
<testsuite hostname="EPUALVIW0648" name="pageobject.test.ContactPageTest" tests="1" failures="0" timestamp="10 May 2016 15:33:14 GMT" time="17.151" errors="0">
  <testcase name="verifyRequiredFieldsMainValidation" time="17.151" classname="pageobject.test.ContactPageTest"/>
</testsuite> <!-- pageobject.test.ContactPageTest -->
