<?xml version="1.0" encoding="UTF-8"?>
<!-- Generated by org.testng.reporters.JUnitReportReporter -->
<testsuite hostname="EPUALVIW0648" name="pageobject.test.ServicesPageTest" tests="2" failures="0" timestamp="10 May 2016 15:33:14 GMT" time="23.542" errors="0">
  <testcase name="is2ndSlideImageDisplayed" time="11.845" classname="pageobject.test.ServicesPageTest"/>
  <testcase name="isDigitalPrintingmenuCorrect" time="11.697" classname="pageobject.test.ServicesPageTest"/>
</testsuite> <!-- pageobject.test.ServicesPageTest -->
