<?xml version="1.0" encoding="UTF-8"?>
<!-- Generated by org.testng.reporters.JUnitReportReporter -->
<testsuite hostname="EPUALVIW0648" name="pageobject.test.ContactPageTest" tests="1" failures="0" timestamp="8 May 2016 09:01:28 GMT" time="18.578" errors="0">
  <testcase name="verifyRequiredFieldsMainValidation" time="18.578" classname="pageobject.test.ContactPageTest"/>
</testsuite> <!-- pageobject.test.ContactPageTest -->
