<?xml version="1.0" encoding="UTF-8"?>
<!-- Generated by org.testng.reporters.JUnitReportReporter -->
<testsuite hostname="EPUALVIW0648" name="pageobject.test.BlogPageTest" tests="2" failures="0" timestamp="10 May 2016 15:33:14 GMT" time="23.925" errors="0">
  <testcase name="verifyArticlesSorting" time="10.539" classname="pageobject.test.BlogPageTest"/>
  <testcase name="verifySearch" time="13.386" classname="pageobject.test.BlogPageTest"/>
</testsuite> <!-- pageobject.test.BlogPageTest -->
