<?xml version="1.0" encoding="UTF-8"?>
<!-- Generated by org.testng.reporters.JUnitReportReporter -->
<testsuite hostname="EPUALVIW0648" name="pageobject.test.HeaderTest" tests="7" failures="0" timestamp="27 Apr 2016 09:36:07 GMT" time="0.560" errors="0">
  <testcase name="verifyContactTab" time="0.084" classname="pageobject.test.HeaderTest"/>
  <testcase name="verifyLogo" time="0.044" classname="pageobject.test.HeaderTest"/>
  <testcase name="verifyWorkTab" time="0.090" classname="pageobject.test.HeaderTest"/>
  <testcase name="verifyServicesTab" time="0.086" classname="pageobject.test.HeaderTest"/>
  <testcase name="verifyHomeTab" time="0.087" classname="pageobject.test.HeaderTest"/>
  <testcase name="verifyAboutTab" time="0.082" classname="pageobject.test.HeaderTest"/>
  <testcase name="verifyBlogTab" time="0.087" classname="pageobject.test.HeaderTest"/>
</testsuite> <!-- pageobject.test.HeaderTest -->
